0 info it worked if it ends with ok
1 verbose cli [ '/usr/bin/nodejs',
1 verbose cli   '/usr/bin/npm',
1 verbose cli   'owner',
1 verbose cli   'ls',
1 verbose cli   'platzi-video' ]
2 info using npm@3.5.2
3 info using node@v4.2.6
4 silly mapToRegistry name platzi-video
5 silly mapToRegistry using default registry
6 silly mapToRegistry registry https://registry.npmjs.org/
7 silly mapToRegistry uri https://registry.npmjs.org/platzi-video
8 verbose request uri https://registry.npmjs.org/platzi-video
9 verbose request no auth needed
10 info attempt registry request try #1 at 11:24:34 PM
11 verbose request id 5b866884f4dcf593
12 http request GET https://registry.npmjs.org/platzi-video
13 http 404 https://registry.npmjs.org/platzi-video
14 verbose headers { date: 'Wed, 10 Oct 2018 05:24:34 GMT',
14 verbose headers   'content-type': 'application/json',
14 verbose headers   'content-length': '21',
14 verbose headers   connection: 'keep-alive',
14 verbose headers   'set-cookie': [ '__cfduid=da8d15c0ad2edb188c37edab62979f0e61539149074; expires=Thu, 10-Oct-19 05:24:34 GMT; path=/; domain=.registry.npmjs.org; HttpOnly' ],
14 verbose headers   'cf-cache-status': 'MISS',
14 verbose headers   'cache-control': 'max-age=300',
14 verbose headers   'cf-ray': '4676a9523cd15891-DFW',
14 verbose headers   'expect-ct': 'max-age=604800, report-uri="https://report-uri.cloudflare.com/cdn-cgi/beacon/expect-ct"',
14 verbose headers   vary: 'accept-encoding, accept',
14 verbose headers   server: 'cloudflare' }
15 silly get cb [ 404,
15 silly get   { date: 'Wed, 10 Oct 2018 05:24:34 GMT',
15 silly get     'content-type': 'application/json',
15 silly get     'content-length': '21',
15 silly get     connection: 'keep-alive',
15 silly get     'set-cookie': [ '__cfduid=da8d15c0ad2edb188c37edab62979f0e61539149074; expires=Thu, 10-Oct-19 05:24:34 GMT; path=/; domain=.registry.npmjs.org; HttpOnly' ],
15 silly get     'cf-cache-status': 'MISS',
15 silly get     'cache-control': 'max-age=300',
15 silly get     'cf-ray': '4676a9523cd15891-DFW',
15 silly get     'expect-ct': 'max-age=604800, report-uri="https://report-uri.cloudflare.com/cdn-cgi/beacon/expect-ct"',
15 silly get     vary: 'accept-encoding, accept',
15 silly get     server: 'cloudflare' } ]
16 error owner ls Couldn't get owner data platzi-video
17 verbose stack Error: Not found : platzi-video
17 verbose stack     at makeError (/usr/share/npm/node_modules/npm-registry-client/lib/request.js:264:12)
17 verbose stack     at CachingRegistryClient.<anonymous> (/usr/share/npm/node_modules/npm-registry-client/lib/request.js:252:14)
17 verbose stack     at Request._callback (/usr/share/npm/node_modules/npm-registry-client/lib/request.js:172:14)
17 verbose stack     at Request.self.callback (/usr/share/npm/node_modules/request/request.js:198:22)
17 verbose stack     at emitTwo (events.js:87:13)
17 verbose stack     at Request.emit (events.js:172:7)
17 verbose stack     at Request.<anonymous> (/usr/share/npm/node_modules/request/request.js:1082:10)
17 verbose stack     at emitOne (events.js:82:20)
17 verbose stack     at Request.emit (events.js:169:7)
17 verbose stack     at IncomingMessage.<anonymous> (/usr/share/npm/node_modules/request/request.js:1009:12)
18 verbose statusCode 404
19 verbose pkgid platzi-video
20 verbose cwd /home/jgs/Documents/scripts/Platzy/React
21 error Linux 4.13.0-32-generic
22 error argv "/usr/bin/nodejs" "/usr/bin/npm" "owner" "ls" "platzi-video"
23 error node v4.2.6
24 error npm  v3.5.2
25 error code E404
26 error 404 Not found : platzi-video
27 error 404
28 error 404 'platzi-video' is not in the npm registry.
29 error 404 You should bug the author to publish it (or use the name yourself!)
30 error 404 Note that you can also install from a
31 error 404 tarball, folder, http url, or git url.
32 verbose exit [ 1, true ]
